\BOOKMARK [0][]{chapter*.1}{Statement of Original Authorship}{}% 1
\BOOKMARK [0][]{chapter*.2}{Keywords}{}% 2
\BOOKMARK [0][]{chapter*.3}{Abstract}{}% 3
\BOOKMARK [0][]{chapter*.4}{List of Figures}{}% 4
\BOOKMARK [0][]{chapter*.5}{List of Tables}{}% 5
\BOOKMARK [0][]{chapter*.6}{List of Publications}{}% 6
\BOOKMARK [0][]{chapter*.7}{Declaration}{}% 7
\BOOKMARK [0][]{chapter*.8}{Acknowledgements}{}% 8
\BOOKMARK [1][]{section*.9}{R packages}{chapter*.8}% 9
\BOOKMARK [0][]{chapter.1}{1 Introduction}{}% 10
\BOOKMARK [1][]{section.1.1}{1.1 The Australian Cancer Atlas}{chapter.1}% 11
\BOOKMARK [1][]{section.1.2}{1.2 Testing graphical displays}{chapter.1}% 12
\BOOKMARK [1][]{section.1.3}{1.3 Aims and Objectives}{chapter.1}% 13
\BOOKMARK [1][]{section.1.4}{1.4 Research Contributions}{chapter.1}% 14
\BOOKMARK [1][]{section.1.5}{1.5 Thesis Structure}{chapter.1}% 15
\BOOKMARK [0][]{chapter.2}{2 Cancer Applications of Choropleth Maps, and the Potential of Cartograms and Alternative Map Displays}{}% 16
\BOOKMARK [1][]{section*.10}{Abstract}{chapter.2}% 17
\BOOKMARK [1][]{section.2.1}{2.1 Introduction}{chapter.2}% 18
\BOOKMARK [1][]{section.2.2}{2.2 Traditional approaches for cancer map displays}{chapter.2}% 19
\BOOKMARK [1][]{section.2.3}{2.3 Contemporary alternatives to choropleth maps}{chapter.2}% 20
\BOOKMARK [1][]{section.2.4}{2.4 Comparison and critique of alternative displays}{chapter.2}% 21
\BOOKMARK [1][]{section.2.5}{2.5 User interaction}{chapter.2}% 22
\BOOKMARK [1][]{section.2.6}{2.6 Conclusion}{chapter.2}% 23
\BOOKMARK [0][]{chapter.3}{3 An Algorithm For Spatial Mapping Using a Hexagon Tile Map, With Application to Australian Maps}{}% 24
\BOOKMARK [1][]{section*.24}{Abstract}{chapter.3}% 25
\BOOKMARK [1][]{section.3.1}{3.1 Introduction}{chapter.3}% 26
\BOOKMARK [1][]{section.3.2}{3.2 Existing Mapping Practices}{chapter.3}% 27
\BOOKMARK [1][]{section.3.3}{3.3 Algorithm}{chapter.3}% 28
\BOOKMARK [1][]{section.3.4}{3.4 Implementation}{chapter.3}% 29
\BOOKMARK [1][]{section.3.5}{3.5 Hexagon tile map of Australia}{chapter.3}% 30
\BOOKMARK [1][]{section.3.6}{3.6 Animation}{chapter.3}% 31
\BOOKMARK [1][]{section.3.7}{3.7 Conclusion}{chapter.3}% 32
\BOOKMARK [0][]{chapter.4}{4 Comparing the Effectiveness of the Choropleth Map with a Hexagon Tile Map for Communicating Cancer}{}% 33
\BOOKMARK [1][]{section*.51}{Abstract}{chapter.4}% 34
\BOOKMARK [1][]{section.4.1}{4.1 Introduction}{chapter.4}% 35
\BOOKMARK [1][]{section.4.2}{4.2 Background}{chapter.4}% 36
\BOOKMARK [1][]{section.4.3}{4.3 Results}{chapter.4}% 37
\BOOKMARK [1][]{section.4.4}{4.4 Discussion}{chapter.4}% 38
\BOOKMARK [1][]{section.4.5}{4.5 Conclusion}{chapter.4}% 39
\BOOKMARK [1][]{section.4.6}{4.6 Supplementary meaterial}{chapter.4}% 40
\BOOKMARK [0][]{chapter.5}{5 Discussion and Conclusion}{}% 41
\BOOKMARK [0][]{chapter*.65}{Bibliography}{}% 42
\BOOKMARK [0][]{appendix.A}{A Appendix}{}% 43
\BOOKMARK [1][]{section.A.1}{A.1 Overall Performance}{appendix.A}% 44
\BOOKMARK [1][]{section.A.2}{A.2 Lineups}{appendix.A}% 45
\BOOKMARK [1][]{section.A.3}{A.3 Experiment survey procedure}{appendix.A}% 46
\BOOKMARK [1][]{section.A.4}{A.4 Ethics Approval}{appendix.A}% 47
