This is pdfTeX, Version 3.14159265-2.6-1.40.21 (TeX Live 2020/W32TeX) (preloaded format=pdflatex 2020.8.11)  12 AUG 2020 13:50
entering extended mode
 restricted \write18 enabled.
 %&-line parsing enabled.
**thesis.tex
(./thesis.tex
LaTeX2e <2020-02-02> patch level 5
L3 programming layer <2020-08-07> (./monashthesis.cls
Document Class: monashthesis 2016/09/06 Monash Thesis Class
(c:/Users/steff/AppData/Roaming/TinyTeX/texmf-dist/tex/latex/base/fontenc.sty
Package: fontenc 2020/02/11 v2.0o Standard LaTeX package
) (c:/Users/steff/AppData/Roaming/TinyTeX/texmf-dist/tex/latex/base/inputenc.st
y
Package: inputenc 2018/08/11 v1.3c Input encoding file
\inpenc@prehook=\toks15
\inpenc@posthook=\toks16
) (c:/Users/steff/AppData/Roaming/TinyTeX/texmf-dist/tex/latex/bera/bera.sty
Package: bera 2004/01/31 (WaS)
(c:/Users/steff/AppData/Roaming/TinyTeX/texmf-dist/tex/latex/base/fontenc.sty
Package: fontenc 2020/02/11 v2.0o Standard LaTeX package
) (c:/Users/steff/AppData/Roaming/TinyTeX/texmf-dist/tex/latex/base/textcomp.st
y
Package: textcomp 2020/02/02 v2.0n Standard LaTeX package
)
(c:/Users/steff/AppData/Roaming/TinyTeX/texmf-dist/tex/latex/bera/beraserif.sty
Package: beraserif 2004/01/30 (WaS)

(c:/Users/steff/AppData/Roaming/TinyTeX/texmf-dist/tex/latex/graphics/keyval.st
y
Package: keyval 2014/10/28 v1.15 key=value parser (DPC)
\KV@toks@=\toks17
)
LaTeX Font Info:    Trying to load font information for T1+fve on input line 30
.
(c:/Users/steff/AppData/Roaming/TinyTeX/texmf-dist/tex/latex/bera/t1fve.fd
File: t1fve.fd 2004/09/07 scalable font definitions for T1/fve.
)
LaTeX Font Info:    Font shape `T1/fve/m/n' will be
(Font)              scaled to size 8.99994pt on input line 30.
) (c:/Users/steff/AppData/Roaming/TinyTeX/texmf-dist/tex/latex/bera/berasans.st
y
Package: berasans 2004/01/30 (WaS)
) (c:/Users/steff/AppData/Roaming/TinyTeX/texmf-dist/tex/latex/bera/beramono.st
y
Package: beramono 2004/01/31 (WaS)
))
(c:/Users/steff/AppData/Roaming/TinyTeX/texmf-dist/tex/latex/psnfss/mathpazo.st
y
Package: mathpazo 2020/03/25 PSNFSS-v9.3 Palatino w/ Pazo Math (D.Puga, WaS) 
\symupright=\mathgroup4
) (c:/Users/steff/AppData/Roaming/TinyTeX/texmf-dist/tex/latex/base/report.cls
Document Class: report 2019/12/20 v1.4l Standard LaTeX document class
(c:/Users/steff/AppData/Roaming/TinyTeX/texmf-dist/tex/latex/base/size11.clo
File: size11.clo 2019/12/20 v1.4l Standard LaTeX file (size option)
LaTeX Font Info:    Font shape `T1/fve/m/n' will be
(Font)              scaled to size 9.85492pt on input line 54.
)
\c@part=\count168
\c@chapter=\count169
\c@section=\count170
\c@subsection=\count171
\c@subsubsection=\count172
\c@paragraph=\count173
\c@subparagraph=\count174
\c@figure=\count175
\c@table=\count176
\abovecaptionskip=\skip47
\belowcaptionskip=\skip48
\bibindent=\dimen134
)
(c:/Users/steff/AppData/Roaming/TinyTeX/texmf-dist/tex/latex/geometry/geometry.
sty
Package: geometry 2020/01/02 v5.9 Page Geometry

(c:/Users/steff/AppData/Roaming/TinyTeX/texmf-dist/tex/generic/iftex/ifvtex.sty
Package: ifvtex 2019/10/25 v1.7 ifvtex legacy package. Use iftex instead.
(c:/Users/steff/AppData/Roaming/TinyTeX/texmf-dist/tex/generic/iftex/iftex.sty
Package: iftex 2020/03/06 v1.0d TeX engine tests
))
\Gm@cnth=\count177
\Gm@cntv=\count178
\c@Gm@tempcnt=\count179
\Gm@bindingoffset=\dimen135
\Gm@wd@mp=\dimen136
\Gm@odd@mp=\dimen137
\Gm@even@mp=\dimen138
\Gm@layoutwidth=\dimen139
\Gm@layoutheight=\dimen140
\Gm@layouthoffset=\dimen141
\Gm@layoutvoffset=\dimen142
\Gm@dimlist=\toks18
)
(c:/Users/steff/AppData/Roaming/TinyTeX/texmf-dist/tex/latex/caption/caption.st
y
Package: caption 2020/05/30 v3.4k Customizing captions (AR)

(c:/Users/steff/AppData/Roaming/TinyTeX/texmf-dist/tex/latex/caption/caption3.s
ty
Package: caption3 2020/07/20 v1.12b caption3 kernel (AR)
Package caption3 Info: TeX engine: e-TeX on input line 61.
\captionmargin=\dimen143
\captionmargin@=\dimen144
\captionwidth=\dimen145
\caption@tempdima=\dimen146
\caption@indent=\dimen147
\caption@parindent=\dimen148
\caption@hangindent=\dimen149
Package caption Info: Standard document class detected.
)
\c@caption@flags=\count180
\c@continuedfloat=\count181
)
(c:/Users/steff/AppData/Roaming/TinyTeX/texmf-dist/tex/latex/fancyhdr/fancyhdr.
sty
Package: fancyhdr 2019/01/31 v3.10 Extensive control of page headers and footer
s
\f@nch@headwidth=\skip49
\f@nch@O@elh=\skip50
\f@nch@O@erh=\skip51
\f@nch@O@olh=\skip52
\f@nch@O@orh=\skip53
\f@nch@O@elf=\skip54
\f@nch@O@erf=\skip55
\f@nch@O@olf=\skip56
\f@nch@O@orf=\skip57
) (c:/Users/steff/AppData/Roaming/TinyTeX/texmf-dist/tex/latex/tools/bm.sty
Package: bm 2019/07/24 v1.2d Bold Symbol Support (DPC/FMi)
\symboldoperators=\mathgroup5
\symboldletters=\mathgroup6
\symboldsymbols=\mathgroup7
\symboldupright=\mathgroup8
LaTeX Font Info:    Redeclaring math alphabet \mathbf on input line 141.
LaTeX Info: Redefining \bm on input line 209.
)
(c:/Users/steff/AppData/Roaming/TinyTeX/texmf-dist/tex/latex/amsmath/amsmath.st
y
Package: amsmath 2020/01/20 v2.17e AMS math features
\@mathmargin=\skip58
For additional information on amsmath, use the `?' option.

(c:/Users/steff/AppData/Roaming/TinyTeX/texmf-dist/tex/latex/amsmath/amstext.st
y
Package: amstext 2000/06/29 v2.01 AMS text

(c:/Users/steff/AppData/Roaming/TinyTeX/texmf-dist/tex/latex/amsmath/amsgen.sty
File: amsgen.sty 1999/11/30 v2.0 generic functions
\@emptytoks=\toks19
\ex@=\dimen150
))
(c:/Users/steff/AppData/Roaming/TinyTeX/texmf-dist/tex/latex/amsmath/amsbsy.sty
Package: amsbsy 1999/11/29 v1.2d Bold Symbols
LaTeX Info: Redefining \boldsymbol on input line 28.
\pmbraise@=\dimen151
)
(c:/Users/steff/AppData/Roaming/TinyTeX/texmf-dist/tex/latex/amsmath/amsopn.sty
Package: amsopn 2016/03/08 v2.02 operator names
)
\inf@bad=\count182
LaTeX Info: Redefining \frac on input line 227.
\uproot@=\count183
\leftroot@=\count184
LaTeX Info: Redefining \overline on input line 389.
\classnum@=\count185
\DOTSCASE@=\count186
LaTeX Info: Redefining \ldots on input line 486.
LaTeX Info: Redefining \dots on input line 489.
LaTeX Info: Redefining \cdots on input line 610.
\Mathstrutbox@=\box45
\strutbox@=\box46
\big@size=\dimen152
LaTeX Font Info:    Redeclaring font encoding OML on input line 733.
LaTeX Font Info:    Redeclaring font encoding OMS on input line 734.
\macc@depth=\count187
\c@MaxMatrixCols=\count188
\dotsspace@=\muskip16
\c@parentequation=\count189
\dspbrk@lvl=\count190
\tag@help=\toks20
\row@=\count191
\column@=\count192
\maxfields@=\count193
\andhelp@=\toks21
\eqnshift@=\dimen153
\alignsep@=\dimen154
\tagshift@=\dimen155
\tagwidth@=\dimen156
\totwidth@=\dimen157
\lineht@=\dimen158
\@envbody=\toks22
\multlinegap=\skip59
\multlinetaggap=\skip60
\mathdisplay@stack=\toks23
LaTeX Info: Redefining \[ on input line 2859.
LaTeX Info: Redefining \] on input line 2860.
)
(c:/Users/steff/AppData/Roaming/TinyTeX/texmf-dist/tex/latex/graphics/graphicx.
sty
Package: graphicx 2019/11/30 v1.2a Enhanced LaTeX Graphics (DPC,SPQR)

(c:/Users/steff/AppData/Roaming/TinyTeX/texmf-dist/tex/latex/graphics/graphics.
sty
Package: graphics 2019/11/30 v1.4a Standard LaTeX Graphics (DPC,SPQR)
(c:/Users/steff/AppData/Roaming/TinyTeX/texmf-dist/tex/latex/graphics/trig.sty
Package: trig 2016/01/03 v1.10 sin cos tan (DPC)
)
(c:/Users/steff/AppData/Roaming/TinyTeX/texmf-dist/tex/latex/graphics-cfg/graph
ics.cfg
File: graphics.cfg 2016/06/04 v1.11 sample graphics configuration
)
Package graphics Info: Driver file: pdftex.def on input line 105.

(c:/Users/steff/AppData/Roaming/TinyTeX/texmf-dist/tex/latex/graphics-def/pdfte
x.def
File: pdftex.def 2018/01/08 v1.0l Graphics/color driver for pdftex
))
\Gin@req@height=\dimen159
\Gin@req@width=\dimen160
)
(c:/Users/steff/AppData/Roaming/TinyTeX/texmf-dist/tex/latex/placeins/placeins.
sty
Package: placeins 2005/04/18  v 2.2
)
(c:/Users/steff/AppData/Roaming/TinyTeX/texmf-dist/tex/latex/titlesec/titlesec.
sty
Package: titlesec 2019/10/16 v2.13 Sectioning titles
\ttl@box=\box47
\beforetitleunit=\skip61
\aftertitleunit=\skip62
\ttl@plus=\dimen161
\ttl@minus=\dimen162
\ttl@toksa=\toks24
\titlewidth=\dimen163
\titlewidthlast=\dimen164
\titlewidthfirst=\dimen165
)
(c:/Users/steff/AppData/Roaming/TinyTeX/texmf-dist/tex/latex/setspace/setspace.
sty
Package: setspace 2011/12/19 v6.7a set line spacing
)
(c:/Users/steff/AppData/Roaming/TinyTeX/texmf-dist/tex/latex/microtype/microtyp
e.sty
Package: microtype 2019/11/18 v2.7d Micro-typographical refinements (RS)
\MT@toks=\toks25
\MT@count=\count194
LaTeX Info: Redefining \textls on input line 790.
\MT@outer@kern=\dimen166
LaTeX Info: Redefining \textmicrotypecontext on input line 1354.
\MT@listname@count=\count195

(c:/Users/steff/AppData/Roaming/TinyTeX/texmf-dist/tex/latex/microtype/microtyp
e-pdftex.def
File: microtype-pdftex.def 2019/11/18 v2.7d Definitions specific to pdftex (RS)

LaTeX Info: Redefining \lsstyle on input line 914.
LaTeX Info: Redefining \lslig on input line 914.
\MT@outer@space=\skip63
)
Package microtype Info: Loading configuration file microtype.cfg.

(c:/Users/steff/AppData/Roaming/TinyTeX/texmf-dist/tex/latex/microtype/microtyp
e.cfg
File: microtype.cfg 2019/11/18 v2.7d microtype main configuration file (RS)
))
(c:/Users/steff/AppData/Roaming/TinyTeX/texmf-dist/tex/latex/ragged2e/ragged2e.
sty
Package: ragged2e 2019/07/28 v2.2 ragged2e Package (MS)
(c:/Users/steff/AppData/Roaming/TinyTeX/texmf-dist/tex/latex/ms/everysel.sty
Package: everysel 2011/10/28 v1.2 EverySelectfont Package (MS)
)
\CenteringLeftskip=\skip64
\RaggedLeftLeftskip=\skip65
\RaggedRightLeftskip=\skip66
\CenteringRightskip=\skip67
\RaggedLeftRightskip=\skip68
\RaggedRightRightskip=\skip69
\CenteringParfillskip=\skip70
\RaggedLeftParfillskip=\skip71
\RaggedRightParfillskip=\skip72
\JustifyingParfillskip=\skip73
\CenteringParindent=\skip74
\RaggedLeftParindent=\skip75
\RaggedRightParindent=\skip76
\JustifyingParindent=\skip77
)
(c:/Users/steff/AppData/Roaming/TinyTeX/texmf-dist/tex/latex/biblatex/biblatex.
sty
Package: biblatex 2019/12/01 v3.14 programmable bibliographies (PK/MW)

(c:/Users/steff/AppData/Roaming/TinyTeX/texmf-dist/tex/generic/pdftexcmds/pdfte
xcmds.sty
Package: pdftexcmds 2020-06-27 v0.33 Utility functions of pdfTeX for LuaTeX (HO
)

(c:/Users/steff/AppData/Roaming/TinyTeX/texmf-dist/tex/generic/infwarerr/infwar
err.sty
Package: infwarerr 2019/12/03 v1.5 Providing info/warning/error messages (HO)
)
(c:/Users/steff/AppData/Roaming/TinyTeX/texmf-dist/tex/generic/ltxcmds/ltxcmds.
sty
Package: ltxcmds 2019/12/15 v1.24 LaTeX kernel commands for general use (HO)
)
Package pdftexcmds Info: \pdf@primitive is available.
Package pdftexcmds Info: \pdf@ifprimitive is available.
Package pdftexcmds Info: \pdfdraftmode found.
)
(c:/Users/steff/AppData/Roaming/TinyTeX/texmf-dist/tex/latex/etoolbox/etoolbox.
sty
Package: etoolbox 2020/07/15 v2.5i e-TeX tools for LaTeX (JAW)
\etb@tempcnta=\count196
)
(c:/Users/steff/AppData/Roaming/TinyTeX/texmf-dist/tex/latex/kvoptions/kvoption
s.sty
Package: kvoptions 2019/11/29 v3.13 Key value format for package options (HO)

(c:/Users/steff/AppData/Roaming/TinyTeX/texmf-dist/tex/generic/kvsetkeys/kvsetk
eys.sty
Package: kvsetkeys 2019/12/15 v1.18 Key value parser (HO)
)) (c:/Users/steff/AppData/Roaming/TinyTeX/texmf-dist/tex/latex/logreq/logreq.s
ty
Package: logreq 2010/08/04 v1.0 xml request logger
\lrq@indent=\count197
(c:/Users/steff/AppData/Roaming/TinyTeX/texmf-dist/tex/latex/logreq/logreq.def
File: logreq.def 2010/08/04 v1.0 logreq spec v1.0
)) (c:/Users/steff/AppData/Roaming/TinyTeX/texmf-dist/tex/latex/base/ifthen.sty
Package: ifthen 2014/09/29 v1.1c Standard LaTeX ifthen package (DPC)
) (c:/Users/steff/AppData/Roaming/TinyTeX/texmf-dist/tex/latex/url/url.sty
\Urlmuskip=\muskip17
Package: url 2013/09/16  ver 3.4  Verb mode for urls, etc.
)
\c@tabx@nest=\count198
\c@listtotal=\count199
\c@listcount=\count266
\c@liststart=\count267
\c@liststop=\count268
\c@citecount=\count269
\c@citetotal=\count270
\c@multicitecount=\count271
\c@multicitetotal=\count272
\c@instcount=\count273
\c@maxnames=\count274
\c@minnames=\count275
\c@maxitems=\count276
\c@minitems=\count277
\c@citecounter=\count278
\c@maxcitecounter=\count279
\c@savedcitecounter=\count280
\c@uniquelist=\count281
\c@uniquename=\count282
\c@refsection=\count283
\c@refsegment=\count284
\c@maxextratitle=\count285
\c@maxextratitleyear=\count286
\c@maxextraname=\count287
\c@maxextradate=\count288
\c@maxextraalpha=\count289
\c@abbrvpenalty=\count290
\c@highnamepenalty=\count291
\c@lownamepenalty=\count292
\c@maxparens=\count293
\c@parenlevel=\count294
\blx@tempcnta=\count295
\blx@tempcntb=\count296
\blx@tempcntc=\count297
\blx@maxsection=\count298
\blx@maxsegment@0=\count299
\blx@notetype=\count300
\blx@parenlevel@text=\count301
\blx@parenlevel@foot=\count302
\blx@sectionciteorder@0=\count303
\blx@entrysetcounter=\count304
\labelnumberwidth=\skip78
\labelalphawidth=\skip79
\biblabelsep=\skip80
\bibitemsep=\skip81
\bibnamesep=\skip82
\bibinitsep=\skip83
\bibparsep=\skip84
\bibhang=\skip85
\blx@bcfin=\read2
\blx@bcfout=\write3
\blx@langwohyphens=\language3
\c@mincomprange=\count305
\c@maxcomprange=\count306
\c@mincompwidth=\count307
Package biblatex Info: Trying to load biblatex default data model...
Package biblatex Info: ... file 'blx-dm.def' found.

(c:/Users/steff/AppData/Roaming/TinyTeX/texmf-dist/tex/latex/biblatex/blx-dm.de
f
File: blx-dm.def 2019/12/01 v3.14 biblatex localization (PK/MW)
)
Package biblatex Info: Trying to load biblatex style data model...
Package biblatex Info: ... file 'authoryear-comp.dbx' not found.
Package biblatex Info: Trying to load biblatex custom data model...
Package biblatex Info: ... file 'biblatex-dm.cfg' not found.
\c@afterword=\count308
\c@savedafterword=\count309
\c@annotator=\count310
\c@savedannotator=\count311
\c@author=\count312
\c@savedauthor=\count313
\c@bookauthor=\count314
\c@savedbookauthor=\count315
\c@commentator=\count316
\c@savedcommentator=\count317
\c@editor=\count318
\c@savededitor=\count319
\c@editora=\count320
\c@savededitora=\count321
\c@editorb=\count322
\c@savededitorb=\count323
\c@editorc=\count324
\c@savededitorc=\count325
\c@foreword=\count326
\c@savedforeword=\count327
\c@holder=\count328
\c@savedholder=\count329
\c@introduction=\count330
\c@savedintroduction=\count331
\c@namea=\count332
\c@savednamea=\count333
\c@nameb=\count334
\c@savednameb=\count335
\c@namec=\count336
\c@savednamec=\count337
\c@translator=\count338
\c@savedtranslator=\count339
\c@shortauthor=\count340
\c@savedshortauthor=\count341
\c@shorteditor=\count342
\c@savedshorteditor=\count343
\c@labelname=\count344
\c@savedlabelname=\count345
\c@institution=\count346
\c@savedinstitution=\count347
\c@lista=\count348
\c@savedlista=\count349
\c@listb=\count350
\c@savedlistb=\count351
\c@listc=\count352
\c@savedlistc=\count353
\c@listd=\count354
\c@savedlistd=\count355
\c@liste=\count356
\c@savedliste=\count357
\c@listf=\count358
\c@savedlistf=\count359
\c@location=\count360
\c@savedlocation=\count361
\c@organization=\count362
\c@savedorganization=\count363
\c@origlocation=\count364
\c@savedoriglocation=\count365
\c@origpublisher=\count366
\c@savedorigpublisher=\count367
\c@publisher=\count368
\c@savedpublisher=\count369
\c@language=\count370
\c@savedlanguage=\count371
\c@origlanguage=\count372
\c@savedoriglanguage=\count373
\c@pageref=\count374
\c@savedpageref=\count375
\shorthandwidth=\skip86
\shortjournalwidth=\skip87
\shortserieswidth=\skip88
\shorttitlewidth=\skip89
\shortauthorwidth=\skip90
\shorteditorwidth=\skip91
\locallabelnumberwidth=\skip92
\locallabelalphawidth=\skip93
\localshorthandwidth=\skip94
\localshortjournalwidth=\skip95
\localshortserieswidth=\skip96
\localshorttitlewidth=\skip97
\localshortauthorwidth=\skip98
\localshorteditorwidth=\skip99
Package biblatex Info: Trying to load compatibility code...
Package biblatex Info: ... file 'blx-compat.def' found.

(c:/Users/steff/AppData/Roaming/TinyTeX/texmf-dist/tex/latex/biblatex/blx-compa
t.def
File: blx-compat.def 2019/12/01 v3.14 biblatex compatibility (PK/MW)
)
Package biblatex Info: Trying to load generic definitions...
Package biblatex Info: ... file 'biblatex.def' found.

(c:/Users/steff/AppData/Roaming/TinyTeX/texmf-dist/tex/latex/biblatex/biblatex.
def
File: biblatex.def 2019/12/01 v3.14 biblatex compatibility (PK/MW)
\c@textcitecount=\count376
\c@textcitetotal=\count377
\c@textcitemaxnames=\count378
\c@biburlbigbreakpenalty=\count379
\c@biburlbreakpenalty=\count380
\c@biburlnumpenalty=\count381
\c@biburlucpenalty=\count382
\c@biburllcpenalty=\count383
\biburlbigskip=\muskip18
\biburlnumskip=\muskip19
\biburlucskip=\muskip20
\biburllcskip=\muskip21
\c@smartand=\count384
)
Package biblatex Info: Trying to load natbib compatibility...
Package biblatex Info: ... file 'blx-natbib.def' found.

(c:/Users/steff/AppData/Roaming/TinyTeX/texmf-dist/tex/latex/biblatex/blx-natbi
b.def
File: blx-natbib.def 2019/12/01 v3.14 biblatex compatibility (PK/MW)
Package biblatex Info: Delimiter 'nameyeardelim' in context '' already defined,
 overwriting.
)
Package biblatex Info: Trying to load bibliography style 'authoryear-comp'...
Package biblatex Info: ... file 'authoryear-comp.bbx' found.

(c:/Users/steff/AppData/Roaming/TinyTeX/texmf-dist/tex/latex/biblatex/bbx/autho
ryear-comp.bbx
File: authoryear-comp.bbx 2019/12/01 v3.14 biblatex bibliography style (PK/MW)
Package biblatex Info: Trying to load bibliography style 'authoryear'...
Package biblatex Info: ... file 'authoryear.bbx' found.

(c:/Users/steff/AppData/Roaming/TinyTeX/texmf-dist/tex/latex/biblatex/bbx/autho
ryear.bbx
File: authoryear.bbx 2019/12/01 v3.14 biblatex bibliography style (PK/MW)
Package biblatex Info: Trying to load bibliography style 'standard'...
Package biblatex Info: ... file 'standard.bbx' found.

(c:/Users/steff/AppData/Roaming/TinyTeX/texmf-dist/tex/latex/biblatex/bbx/stand
ard.bbx
File: standard.bbx 2019/12/01 v3.14 biblatex bibliography style (PK/MW)
\c@bbx:relatedcount=\count385
\c@bbx:relatedtotal=\count386
)))
Package biblatex Info: Trying to load citation style 'authoryear-comp'...
Package biblatex Info: ... file 'authoryear-comp.cbx' found.

(c:/Users/steff/AppData/Roaming/TinyTeX/texmf-dist/tex/latex/biblatex/cbx/autho
ryear-comp.cbx
File: authoryear-comp.cbx 2019/12/01 v3.14 biblatex citation style (PK/MW)
Package biblatex Info: Redefining '\cite'.
Package biblatex Info: Redefining '\parencite'.
Package biblatex Info: Redefining '\footcite'.
Package biblatex Info: Redefining '\footcitetext'.
Package biblatex Info: Redefining '\smartcite'.
Package biblatex Info: Redefining '\textcite'.
Package biblatex Info: Redefining '\textcites'.
Package biblatex Info: Redefining '\cites'.
Package biblatex Info: Redefining '\parencites'.
Package biblatex Info: Redefining '\footcites'.
Package biblatex Info: Redefining '\footcitetexts'.
Package biblatex Info: Redefining '\smartcites'.
)
Package biblatex Info: Trying to load configuration file...
Package biblatex Info: ... file 'biblatex.cfg' found.

(c:/Users/steff/AppData/Roaming/TinyTeX/texmf-dist/tex/latex/biblatex/biblatex.
cfg
File: biblatex.cfg 
)) (c:/Users/steff/AppData/Roaming/TinyTeX/texmf-dist/tex/latex/xpatch/xpatch.s
ty
(c:/Users/steff/AppData/Roaming/TinyTeX/texmf-dist/tex/latex/l3kernel/expl3.sty
Package: expl3 2020-08-07 L3 programming layer (loader) 

(c:/Users/steff/AppData/Roaming/TinyTeX/texmf-dist/tex/latex/l3backend/l3backen
d-pdfmode.def
File: l3backend-pdfmode.def 2020-08-07 L3 backend support: PDF mode
\l__kernel_color_stack_int=\count387
\l__pdf_internal_box=\box48
))
Package: xpatch 2020/03/25 v0.3a Extending etoolbox patching commands

(c:/Users/steff/AppData/Roaming/TinyTeX/texmf-dist/tex/latex/l3packages/xparse/
xparse.sty
Package: xparse 2020-05-15 L3 Experimental document command parser

(c:/Users/steff/AppData/Roaming/TinyTeX/texmf-dist/tex/latex/l3packages/xparse/
xparse-generic.tex
\l__xparse_current_arg_int=\count388
\g__xparse_grabber_int=\count389
\l__xparse_m_args_int=\count390
\l__xparse_v_nesting_int=\count391
))) (c:/Users/steff/AppData/Roaming/TinyTeX/texmf-dist/tex/latex/xcolor/xcolor.
sty
Package: xcolor 2016/05/11 v2.12 LaTeX color extensions (UK)

(c:/Users/steff/AppData/Roaming/TinyTeX/texmf-dist/tex/latex/graphics-cfg/color
.cfg
File: color.cfg 2016/01/02 v1.6 sample color configuration
)
Package xcolor Info: Driver file: pdftex.def on input line 225.
Package xcolor Info: Model `cmy' substituted by `cmy0' on input line 1348.
Package xcolor Info: Model `hsb' substituted by `rgb' on input line 1352.
Package xcolor Info: Model `RGB' extended on input line 1364.
Package xcolor Info: Model `HTML' substituted by `rgb' on input line 1366.
Package xcolor Info: Model `Hsb' substituted by `hsb' on input line 1367.
Package xcolor Info: Model `tHsb' substituted by `hsb' on input line 1368.
Package xcolor Info: Model `HSB' substituted by `hsb' on input line 1369.
Package xcolor Info: Model `Gray' substituted by `gray' on input line 1370.
Package xcolor Info: Model `wave' substituted by `hsb' on input line 1371.
)
(c:/Users/steff/AppData/Roaming/TinyTeX/texmf-dist/tex/latex/hyperref/hyperref.
sty
Package: hyperref 2020-05-15 v7.00e Hypertext links for LaTeX

(c:/Users/steff/AppData/Roaming/TinyTeX/texmf-dist/tex/generic/kvdefinekeys/kvd
efinekeys.sty
Package: kvdefinekeys 2019-12-19 v1.6 Define keys (HO)
)
(c:/Users/steff/AppData/Roaming/TinyTeX/texmf-dist/tex/generic/pdfescape/pdfesc
ape.sty
Package: pdfescape 2019/12/09 v1.15 Implements pdfTeX's escape features (HO)
)
(c:/Users/steff/AppData/Roaming/TinyTeX/texmf-dist/tex/latex/hycolor/hycolor.st
y
Package: hycolor 2020-01-27 v1.10 Color options for hyperref/bookmark (HO)
)
(c:/Users/steff/AppData/Roaming/TinyTeX/texmf-dist/tex/latex/letltxmacro/letltx
macro.sty
Package: letltxmacro 2019/12/03 v1.6 Let assignment for LaTeX macros (HO)
)
(c:/Users/steff/AppData/Roaming/TinyTeX/texmf-dist/tex/latex/auxhook/auxhook.st
y
Package: auxhook 2019-12-17 v1.6 Hooks for auxiliary files (HO)
)
\@linkdim=\dimen167
\Hy@linkcounter=\count392
\Hy@pagecounter=\count393

(c:/Users/steff/AppData/Roaming/TinyTeX/texmf-dist/tex/latex/hyperref/pd1enc.de
f
File: pd1enc.def 2020-05-15 v7.00e Hyperref: PDFDocEncoding definition (HO)
Now handling font encoding PD1 ...
... no UTF-8 mapping file for font encoding PD1
)
(c:/Users/steff/AppData/Roaming/TinyTeX/texmf-dist/tex/generic/intcalc/intcalc.
sty
Package: intcalc 2019/12/15 v1.3 Expandable calculations with integers (HO)
)
(c:/Users/steff/AppData/Roaming/TinyTeX/texmf-dist/tex/generic/etexcmds/etexcmd
s.sty
Package: etexcmds 2019/12/15 v1.7 Avoid name clashes with e-TeX commands (HO)
)
\Hy@SavedSpaceFactor=\count394
Package hyperref Info: Option `colorlinks' set `false' on input line 4338.
Package hyperref Info: Hyper figures OFF on input line 4464.
Package hyperref Info: Link nesting OFF on input line 4469.
Package hyperref Info: Hyper index ON on input line 4472.
Package hyperref Info: Plain pages OFF on input line 4479.
Package hyperref Info: Backreferencing OFF on input line 4484.
Package hyperref Info: Implicit mode ON; LaTeX internals redefined.
Package hyperref Info: Bookmarks ON on input line 4717.
\c@Hy@tempcnt=\count395
LaTeX Info: Redefining \url on input line 5076.
\XeTeXLinkMargin=\dimen168

(c:/Users/steff/AppData/Roaming/TinyTeX/texmf-dist/tex/generic/bitset/bitset.st
y
Package: bitset 2019/12/09 v1.3 Handle bit-vector datatype (HO)

(c:/Users/steff/AppData/Roaming/TinyTeX/texmf-dist/tex/generic/bigintcalc/bigin
tcalc.sty
Package: bigintcalc 2019/12/15 v1.5 Expandable calculations on big integers (HO
)
))
\Fld@menulength=\count396
\Field@Width=\dimen169
\Fld@charsize=\dimen170
Package hyperref Info: Hyper figures OFF on input line 6347.
Package hyperref Info: Link nesting OFF on input line 6352.
Package hyperref Info: Hyper index ON on input line 6355.
Package hyperref Info: backreferencing OFF on input line 6362.
Package hyperref Info: Link coloring OFF on input line 6367.
Package hyperref Info: Link coloring with OCG OFF on input line 6372.
Package hyperref Info: PDF/A mode OFF on input line 6377.
LaTeX Info: Redefining \ref on input line 6417.
LaTeX Info: Redefining \pageref on input line 6421.

(c:/Users/steff/AppData/Roaming/TinyTeX/texmf-dist/tex/generic/atbegshi/atbegsh
i.sty
Package: atbegshi 2019/12/05 v1.19 At begin shipout hook (HO)
)
\Hy@abspage=\count397
\c@Item=\count398
\c@Hfootnote=\count399
)
Package hyperref Info: Driver (autodetected): hpdftex.

(c:/Users/steff/AppData/Roaming/TinyTeX/texmf-dist/tex/latex/hyperref/hpdftex.d
ef
File: hpdftex.def 2020-05-15 v7.00e Hyperref driver for pdfTeX

(c:/Users/steff/AppData/Roaming/TinyTeX/texmf-dist/tex/latex/atveryend/atveryen
d.sty
Package: atveryend 2019-12-11 v1.11 Hooks at the very end of document (HO)
)
\Fld@listcount=\count400
\c@bookmark@seq@number=\count401

(c:/Users/steff/AppData/Roaming/TinyTeX/texmf-dist/tex/latex/rerunfilecheck/rer
unfilecheck.sty
Package: rerunfilecheck 2019/12/05 v1.9 Rerun checks for auxiliary files (HO)

(c:/Users/steff/AppData/Roaming/TinyTeX/texmf-dist/tex/generic/uniquecounter/un
iquecounter.sty
Package: uniquecounter 2019/12/15 v1.4 Provide unlimited unique counter (HO)
)
Package uniquecounter Info: New unique counter `rerunfilecheck' on input line 2
86.
)
\Hy@SectionHShift=\skip100
)
Package hyperref Info: Option `breaklinks' set `true' on input line 163.
Package hyperref Info: Option `bookmarksopen' set `true' on input line 163.
Package hyperref Info: Option `bookmarksnumbered' set `true' on input line 163.

Package hyperref Info: Option `colorlinks' set `true' on input line 163.

(c:/Users/steff/AppData/Roaming/TinyTeX/texmf-dist/tex/latex/tocbibind/tocbibin
d.sty
Package: tocbibind 2010/10/13 v1.5k extra ToC listings
Package tocbibind Info: The document has chapter divisions on input line 50.

Package tocbibind Note: Using chapter style headings, unless overridden.

)
(c:/Users/steff/AppData/Roaming/TinyTeX/texmf-dist/tex/latex/tocloft/tocloft.st
y
Package: tocloft 2017/08/31 v2.3i parameterised ToC, etc., typesetting
Package tocloft Info: The document has chapter divisions on input line 51.
\cftparskip=\skip101
\cftbeforetoctitleskip=\skip102
\cftaftertoctitleskip=\skip103
\cftbeforepartskip=\skip104
\cftpartnumwidth=\skip105
\cftpartindent=\skip106
\cftbeforechapskip=\skip107
\cftchapindent=\skip108
\cftchapnumwidth=\skip109
\cftbeforesecskip=\skip110
\cftsecindent=\skip111
\cftsecnumwidth=\skip112
\cftbeforesubsecskip=\skip113
\cftsubsecindent=\skip114
\cftsubsecnumwidth=\skip115
\cftbeforesubsubsecskip=\skip116
\cftsubsubsecindent=\skip117
\cftsubsubsecnumwidth=\skip118
\cftbeforeparaskip=\skip119
\cftparaindent=\skip120
\cftparanumwidth=\skip121
\cftbeforesubparaskip=\skip122
\cftsubparaindent=\skip123
\cftsubparanumwidth=\skip124
\cftbeforeloftitleskip=\skip125
\cftafterloftitleskip=\skip126
\cftbeforefigskip=\skip127
\cftfigindent=\skip128
\cftfignumwidth=\skip129
\c@lofdepth=\count402
\c@lotdepth=\count403
\cftbeforelottitleskip=\skip130
\cftafterlottitleskip=\skip131
\cftbeforetabskip=\skip132
\cfttabindent=\skip133
\cfttabnumwidth=\skip134
) (c:/Users/steff/AppData/Roaming/TinyTeX/texmf-dist/tex/latex/framed/framed.st
y
Package: framed 2011/10/22 v 0.96: framed or shaded text with page breaks
\OuterFrameSep=\skip135
\fb@frw=\dimen171
\fb@frh=\dimen172
\FrameRule=\dimen173
\FrameSep=\dimen174
)
(c:/Users/steff/AppData/Roaming/TinyTeX/texmf-dist/tex/latex/fancyvrb/fancyvrb.
sty
Package: fancyvrb 2020/05/03 v3.6 verbatim text (tvz,hv)
\FV@CodeLineNo=\count404
\FV@InFile=\read3
\FV@TabBox=\box49
\c@FancyVerbLine=\count405
\FV@StepNumber=\count406
\FV@OutFile=\write4
)
(c:/Users/steff/AppData/Roaming/TinyTeX/texmf-dist/tex/latex/tools/longtable.st
y
Package: longtable 2020/01/07 v4.13 Multi-page Table package (DPC)
\LTleft=\skip136
\LTright=\skip137
\LTpre=\skip138
\LTpost=\skip139
\LTchunksize=\count407
\LTcapwidth=\dimen175
\LT@head=\box50
\LT@firsthead=\box51
\LT@foot=\box52
\LT@lastfoot=\box53
\LT@cols=\count408
\LT@rows=\count409
\c@LT@tables=\count410
\c@LT@chunks=\count411
\LT@p@ftn=\toks26
)
(c:/Users/steff/AppData/Roaming/TinyTeX/texmf-dist/tex/latex/booktabs/booktabs.
sty
Package: booktabs 2020/01/12 v1.61803398 Publication quality tables
\heavyrulewidth=\dimen176
\lightrulewidth=\dimen177
\cmidrulewidth=\dimen178
\belowrulesep=\dimen179
\belowbottomsep=\dimen180
\aboverulesep=\dimen181
\abovetopsep=\dimen182
\cmidrulesep=\dimen183
\cmidrulekern=\dimen184
\defaultaddspace=\dimen185
\@cmidla=\count412
\@cmidlb=\count413
\@aboverulesep=\dimen186
\@belowrulesep=\dimen187
\@thisruleclass=\count414
\@lastruleclass=\count415
\@thisrulewidth=\dimen188
)
(c:/Users/steff/AppData/Roaming/TinyTeX/texmf-dist/tex/latex/pdfpages/pdfpages.
sty
Package: pdfpages 2020/01/28 v0.5q Insert pages of external PDF documents (AM)
(c:/Users/steff/AppData/Roaming/TinyTeX/texmf-dist/tex/latex/tools/calc.sty
Package: calc 2017/05/25 v4.3 Infix arithmetic (KKT,FJ)
\calc@Acount=\count416
\calc@Bcount=\count417
\calc@Adimen=\dimen189
\calc@Bdimen=\dimen190
\calc@Askip=\skip140
\calc@Bskip=\skip141
LaTeX Info: Redefining \setlength on input line 80.
LaTeX Info: Redefining \addtolength on input line 81.
\calc@Ccount=\count418
\calc@Cskip=\skip142
)
(c:/Users/steff/AppData/Roaming/TinyTeX/texmf-dist/tex/latex/eso-pic/eso-pic.st
y
Package: eso-pic 2018/04/12 v2.0h eso-pic (RN)
)
\AM@pagewidth=\dimen191
\AM@pageheight=\dimen192

(c:/Users/steff/AppData/Roaming/TinyTeX/texmf-dist/tex/latex/pdfpages/pppdftex.
def
File: pppdftex.def 2020/01/28 v0.5q Pdfpages driver for pdfTeX (AM)
)
\AM@pagebox=\box54
\AM@global@opts=\toks27
\AM@pagecnt=\count419
\AM@toc@title=\toks28
\c@AM@survey=\count420
\AM@templatesizebox=\box55
)
(c:/Users/steff/AppData/Roaming/TinyTeX/texmf-dist/tex/latex/multirow/multirow.
sty
Package: multirow 2019/05/31 v2.5 Span multiple rows of a table
\multirow@colwidth=\skip143
\multirow@cntb=\count421
\multirow@dima=\skip144
\bigstrutjot=\dimen193
) (c:/Users/steff/AppData/Roaming/TinyTeX/texmf-dist/tex/latex/tools/array.sty
Package: array 2019/08/31 v2.4l Tabular extension package (FMi)
\col@sep=\dimen194
\ar@mcellbox=\box56
\extrarowheight=\dimen195
\NC@list=\toks29
\extratabsurround=\skip145
\backup@length=\skip146
\ar@cellbox=\box57
) (c:/Users/steff/AppData/Roaming/TinyTeX/texmf-dist/tex/latex/float/float.sty
Package: float 2001/11/08 v1.3d Float enhancements (AL)
\c@float@type=\count422
\float@exts=\toks30
\float@box=\box58
\@float@everytoks=\toks31
\@floatcapt=\box59
))
\@quotelevel=\count423
\@quotereset=\count424
(./thesis.aux

LaTeX Warning: Label `fig:melanoma-geo' multiply defined.

)
\openout1 = `thesis.aux'.

LaTeX Font Info:    Checking defaults for OML/cmm/m/it on input line 28.
LaTeX Font Info:    ... okay on input line 28.
LaTeX Font Info:    Checking defaults for OMS/cmsy/m/n on input line 28.
LaTeX Font Info:    ... okay on input line 28.
LaTeX Font Info:    Checking defaults for OT1/cmr/m/n on input line 28.
LaTeX Font Info:    ... okay on input line 28.
LaTeX Font Info:    Checking defaults for T1/cmr/m/n on input line 28.
LaTeX Font Info:    ... okay on input line 28.
LaTeX Font Info:    Checking defaults for TS1/cmr/m/n on input line 28.
LaTeX Font Info:    ... okay on input line 28.
LaTeX Font Info:    Checking defaults for OMX/cmex/m/n on input line 28.
LaTeX Font Info:    ... okay on input line 28.
LaTeX Font Info:    Checking defaults for U/cmr/m/n on input line 28.
LaTeX Font Info:    ... okay on input line 28.
LaTeX Font Info:    Checking defaults for PD1/pdf/m/n on input line 28.
LaTeX Font Info:    ... okay on input line 28.
LaTeX Font Info:    Trying to load font information for T1+ppl on input line 28
.
(c:/Users/steff/AppData/Roaming/TinyTeX/texmf-dist/tex/latex/psnfss/t1ppl.fd
File: t1ppl.fd 2001/06/04 font definitions for T1/ppl.
)
*geometry* driver: auto-detecting
*geometry* detected driver: pdftex
*geometry* verbose mode - [ preamble ] result:
* driver: pdftex
* paper: a4paper
* layout: <same size as paper>
* layoutoffset:(h,v)=(0.0pt,0.0pt)
* modes: twoside 
* h-part:(L,W,R)=(99.58464pt, 426.79135pt, 71.13188pt)
* v-part:(T,H,B)=(71.13188pt, 674.33032pt, 99.58464pt)
* \paperwidth=597.50787pt
* \paperheight=845.04684pt
* \textwidth=426.79135pt
* \textheight=674.33032pt
* \oddsidemargin=27.31465pt
* \evensidemargin=-1.1381pt
* \topmargin=-38.1381pt
* \headheight=27.0pt
* \headsep=25.0pt
* \topskip=11.0pt
* \footskip=30.0pt
* \marginparwidth=103.0pt
* \marginparsep=10.0pt
* \columnsep=10.0pt
* \skip\footins=10.0pt plus 4.0pt minus 2.0pt
* \hoffset=0.0pt
* \voffset=0.0pt
* \mag=1000
* \@twocolumnfalse
* \@twosidetrue
* \@mparswitchtrue
* \@reversemarginfalse
* (1in=72.27pt=25.4mm, 1cm=28.453pt)

Package caption Info: Begin \AtBeginDocument code.
Package caption Info: float package is loaded.
Package caption Info: hyperref package is loaded.
Package caption Info: longtable package is loaded.

(c:/Users/steff/AppData/Roaming/TinyTeX/texmf-dist/tex/latex/caption/ltcaption.
sty
Package: ltcaption 2020/05/30 v1.4b longtable captions (AR)
)
Package caption Info: End \AtBeginDocument code.

(c:/Users/steff/AppData/Roaming/TinyTeX/texmf-dist/tex/latex/epstopdf-pkg/epsto
pdf-base.sty
Package: epstopdf-base 2020-01-24 v2.11 Base part for package epstopdf
Package epstopdf-base Info: Redefining graphics rule for `.eps' on input line 4
85.

(c:/Users/steff/AppData/Roaming/TinyTeX/texmf-dist/tex/latex/latexconfig/epstop
df-sys.cfg
File: epstopdf-sys.cfg 2010/07/13 v1.3 Configuration of (r)epstopdf for TeX Liv
e
))
LaTeX Info: Redefining \microtypecontext on input line 28.
Package microtype Info: Generating PDF output.
Package microtype Info: Character protrusion enabled (level 2).
Package microtype Info: Using default protrusion set `alltext'.
Package microtype Info: Automatic font expansion enabled (level 2),
(microtype)             stretch: 20, shrink: 20, step: 1, non-selected.
Package microtype Info: Using default expansion set `basictext'.
LaTeX Info: Redefining \showhyphens on input line 28.
Package microtype Info: No adjustment of tracking.
Package microtype Info: No adjustment of interword spacing.
Package microtype Info: No adjustment of character kerning.

(c:/Users/steff/AppData/Roaming/TinyTeX/texmf-dist/tex/latex/microtype/mt-ppl.c
fg
File: mt-ppl.cfg 2005/11/16 v1.6 microtype config. file: Palatino (RS)
) ABD: EverySelectfont initializing macros
LaTeX Info: Redefining \selectfont on input line 28.
Package biblatex Info: Trying to load language 'english'...
Package biblatex Info: ... file 'english.lbx' found.

(c:/Users/steff/AppData/Roaming/TinyTeX/texmf-dist/tex/latex/biblatex/lbx/engli
sh.lbx
File: english.lbx 2019/12/01 v3.14 biblatex localization (PK/MW)
)
Package biblatex Info: Input encoding 'utf8' detected.
Package biblatex Info: Data encoding 'utf8' specified.
(biblatex)             No need to reencode data.
\openout3 = `thesis.bcf'.

Package biblatex Info: Trying to load bibliographic data...
Package biblatex Info: ... file 'thesis.bbl' found.
(./thesis.bbl)
Package biblatex Info: Reference section=0 on input line 28.
Package biblatex Info: Reference segment=0 on input line 28.
\AtBeginShipoutBox=\box60
Package hyperref Info: Link coloring ON on input line 28.

(c:/Users/steff/AppData/Roaming/TinyTeX/texmf-dist/tex/latex/hyperref/nameref.s
ty
Package: nameref 2019/09/16 v2.46 Cross-referencing by name of section

(c:/Users/steff/AppData/Roaming/TinyTeX/texmf-dist/tex/latex/refcount/refcount.
sty
Package: refcount 2019/12/15 v3.6 Data extraction from label references (HO)
)
(c:/Users/steff/AppData/Roaming/TinyTeX/texmf-dist/tex/generic/gettitlestring/g
ettitlestring.sty
Package: gettitlestring 2019/12/15 v1.6 Cleanup title references (HO)
)
\c@section@level=\count425
)
LaTeX Info: Redefining \ref on input line 28.
LaTeX Info: Redefining \pageref on input line 28.
LaTeX Info: Redefining \nameref on input line 28.
(./thesis.out) (./thesis.out)
\@outlinefile=\write5
\openout5 = `thesis.out'.


(c:/Users/steff/AppData/Roaming/TinyTeX/texmf-dist/tex/latex/pdflscape/pdflscap
e.sty
Package: pdflscape 2019/12/05 v0.12 Display of landscape pages in PDF (HO)

(c:/Users/steff/AppData/Roaming/TinyTeX/texmf-dist/tex/latex/graphics/lscape.st
y
Package: lscape 2000/10/22 v3.01 Landscape Pages (DPC)
)
Package pdflscape Info: Auto-detected driver: pdftex on input line 81.
)
LaTeX Font Info:    Trying to load font information for T1+fvs on input line 32
.
(c:/Users/steff/AppData/Roaming/TinyTeX/texmf-dist/tex/latex/bera/t1fvs.fd
File: t1fvs.fd 2004/09/07 scalable font definitions for T1/fvs.
)
LaTeX Font Info:    Font shape `T1/fvs/m/n' will be
(Font)              scaled to size 9.85492pt on input line 32.
Package microtype Info: Loading generic protrusion settings for font family
(microtype)             `fvs' (encoding: T1).
(microtype)             For optimal results, create family-specific settings.
(microtype)             See the microtype manual for details.
LaTeX Font Info:    Font shape `T1/fvs/m/n' will be
(Font)              scaled to size 22.39185pt on input line 32.
LaTeX Font Info:    Font shape `T1/fvs/b/n' will be
(Font)              scaled to size 22.39185pt on input line 32.
LaTeX Font Info:    Font shape `T1/fvs/m/n' will be
(Font)              scaled to size 18.66588pt on input line 32.
LaTeX Font Info:    Font shape `T1/fvs/m/n' will be
(Font)              scaled to size 10.79993pt on input line 32.
<figures/crest.png, id=192, 104.3097pt x 104.3097pt>
File: figures/crest.png Graphic file (type png)
<use figures/crest.png>
Package pdftex.def Info: figures/crest.png  used on input line 32.
(pdftex.def)             Requested size: 85.35826pt x 85.36101pt.
[1

{c:/Users/steff/AppData/Roaming/TinyTeX/texmf-var/fonts/map/pdftex/updmap/pdfte
x.map} <./figures/crest.png>] [2]
LaTeX Font Info:    Font shape `T1/fvs/m/n' will be
(Font)              scaled to size 21.59985pt on input line 34.
LaTeX Font Info:    Font shape `T1/fvs/b/n' will be
(Font)              scaled to size 21.59985pt on input line 34.
(./thesis.toc
LaTeX Font Info:    Font shape `T1/fvs/b/n' will be
(Font)              scaled to size 9.85492pt on input line 3.
LaTeX Font Info:    Trying to load font information for OT1+ppl on input line 3
.
(c:/Users/steff/AppData/Roaming/TinyTeX/texmf-dist/tex/latex/psnfss/ot1ppl.fd
File: ot1ppl.fd 2001/06/04 font definitions for OT1/ppl.
)
LaTeX Font Info:    Trying to load font information for OML+zplm on input line 
3.
(c:/Users/steff/AppData/Roaming/TinyTeX/texmf-dist/tex/latex/psnfss/omlzplm.fd
File: omlzplm.fd 2002/09/08 Fontinst v1.914 font definitions for OML/zplm.
)
LaTeX Font Info:    Trying to load font information for OMS+zplm on input line 
3.
(c:/Users/steff/AppData/Roaming/TinyTeX/texmf-dist/tex/latex/psnfss/omszplm.fd
File: omszplm.fd 2002/09/08 Fontinst v1.914 font definitions for OMS/zplm.
)
LaTeX Font Info:    Trying to load font information for OMX+zplm on input line 
3.
(c:/Users/steff/AppData/Roaming/TinyTeX/texmf-dist/tex/latex/psnfss/omxzplm.fd
File: omxzplm.fd 2002/09/08 Fontinst v1.914 font definitions for OMX/zplm.
)
LaTeX Font Info:    Trying to load font information for OT1+zplm on input line 
3.
(c:/Users/steff/AppData/Roaming/TinyTeX/texmf-dist/tex/latex/psnfss/ot1zplm.fd
File: ot1zplm.fd 2002/09/08 Fontinst v1.914 font definitions for OT1/zplm.
)
Package microtype Info: Loading generic protrusion settings for font family
(microtype)             `zplm' (encoding: OT1).
(microtype)             For optimal results, create family-specific settings.
(microtype)             See the microtype manual for details.
[3])
\tf@toc=\write6
\openout6 = `thesis.toc'.

[4]
LaTeX Font Info:    Font shape `T1/fvs/b/n' will be
(Font)              scaled to size 18.66588pt on input line 37.
<figures/srksig.png, id=268, 1758.57pt x 646.415pt>
File: figures/srksig.png Graphic file (type png)
<use figures/srksig.png>
Package pdftex.def Info: figures/srksig.png  used on input line 44.
(pdftex.def)             Requested size: 142.26378pt x 52.28633pt.
LaTeX Font Info:    Trying to load font information for TS1+ppl on input line 4
8.
(c:/Users/steff/AppData/Roaming/TinyTeX/texmf-dist/tex/latex/psnfss/ts1ppl.fd
File: ts1ppl.fd 2001/06/04 font definitions for TS1/ppl.
) [5

 <./figures/srksig.png (PNG copy)>] [6

] [7] [8

] [9] [10

] [11] [12] [13

] [14

]
LaTeX Font Info:    Trying to load font information for T1+fvm on input line 17
6.
(c:/Users/steff/AppData/Roaming/TinyTeX/texmf-dist/tex/latex/bera/t1fvm.fd
File: t1fvm.fd 2004/09/07 scalable font definitions for T1/fvm.
)
LaTeX Font Info:    Font shape `T1/fvm/m/n' will be
(Font)              scaled to size 9.85492pt on input line 176.
Package microtype Info: Loading generic protrusion settings for font family
(microtype)             `fvm' (encoding: T1).
(microtype)             For optimal results, create family-specific settings.
(microtype)             See the microtype manual for details.
[15] [16] [0


] [1] [2

] [3]

Package hyperref Warning: The anchor of a bookmark and its parent's must not
(hyperref)                be the same. Added a new anchor on input line 215.

[4] [5] [6

]
Chapter 1.
[7] [8] [9] [10

]
Chapter 2.
[11]

Package hyperref Warning: The anchor of a bookmark and its parent's must not
(hyperref)                be the same. Added a new anchor on input line 342.

[12] [13]
<figures/02-literature/choropleth_grid.png, id=489, 867.24pt x 722.7pt>
File: figures/02-literature/choropleth_grid.png Graphic file (type png)
<use figures/02-literature/choropleth_grid.png>
Package pdftex.def Info: figures/02-literature/choropleth_grid.png  used on inp
ut line 371.
(pdftex.def)             Requested size: 426.79135pt x 355.65892pt.
[14]
Overfull \hbox (22.55862pt too wide) in paragraph at lines 384--400
 [][] 
 []

[15 <./figures/02-literature/choropleth_grid.png (PNG copy)>] [16] [17] [18] [1
9] [20] [21]
<figures/02-literature/usa_grid.png, id=620, 867.24pt x 722.7pt>
File: figures/02-literature/usa_grid.png Graphic file (type png)
<use figures/02-literature/usa_grid.png>
Package pdftex.def Info: figures/02-literature/usa_grid.png  used on input line
 477.
(pdftex.def)             Requested size: 426.79135pt x 355.65892pt.

Overfull \hbox (0.6038pt too wide) in paragraph at lines 488--501
 [][] 
 []

[22 <./figures/02-literature/usa_grid.png (PNG copy)>] [23] [24] [25]
<figures/02-literature/gggrids.png, id=685, 1156.32pt x 578.16pt>
File: figures/02-literature/gggrids.png Graphic file (type png)
<use figures/02-literature/gggrids.png>
Package pdftex.def Info: figures/02-literature/gggrids.png  used on input line 
550.
(pdftex.def)             Requested size: 426.79135pt x 213.39536pt.
[26]
<figures/02-literature/auscartograms.png, id=700, 867.24pt x 650.43pt>
File: figures/02-literature/auscartograms.png Graphic file (type png)
<use figures/02-literature/auscartograms.png>
Package pdftex.def Info: figures/02-literature/auscartograms.png  used on input
 line 569.
(pdftex.def)             Requested size: 426.79135pt x 320.09302pt.
[27 <./figures/02-literature/gggrids.png (PNG copy)>] [28 <./figures/02-literat
ure/auscartograms.png (PNG copy)>] [29] [30]
<figures/02-literature/interacting.png, id=761, 867.24pt x 650.43pt>
File: figures/02-literature/interacting.png Graphic file (type png)
<use figures/02-literature/interacting.png>
Package pdftex.def Info: figures/02-literature/interacting.png  used on input l
ine 624.
(pdftex.def)             Requested size: 426.79135pt x 320.09302pt.
<figures/02-literature/animating.png, id=762, 867.24pt x 505.89pt>
File: figures/02-literature/animating.png Graphic file (type png)
<use figures/02-literature/animating.png>
Package pdftex.def Info: figures/02-literature/animating.png  used on input lin
e 635.
(pdftex.def)             Requested size: 426.79135pt x 248.96123pt.
[31 <./figures/02-literature/interacting.png (PNG copy)>] [32 <./figures/02-lit
erature/animating.png (PNG copy)>] [33] [34

]
Chapter 3.

Package hyperref Warning: The anchor of a bookmark and its parent's must not
(hyperref)                be the same. Added a new anchor on input line 665.

[35]
<figures/03-algorithm/aus_ggchoro.pdf, id=799, 1011.78pt x 867.24pt>
File: figures/03-algorithm/aus_ggchoro.pdf Graphic file (type pdf)
<use figures/03-algorithm/aus_ggchoro.pdf>
Package pdftex.def Info: figures/03-algorithm/aus_ggchoro.pdf  used on input li
ne 682.
(pdftex.def)             Requested size: 398.33858pt x 341.43787pt.
[36] [37 <./figures/03-algorithm/aus_ggchoro.pdf>]
<figures/03-algorithm/qld_grid.pdf, id=825, 1011.78pt x 1011.78pt>
File: figures/03-algorithm/qld_grid.pdf Graphic file (type pdf)
<use figures/03-algorithm/qld_grid.pdf>
Package pdftex.def Info: figures/03-algorithm/qld_grid.pdf  used on input line 
705.
(pdftex.def)             Requested size: 398.33858pt x 398.34416pt.
[38] [39 <./figures/03-algorithm/qld_grid.pdf>] [40]

pdfTeX warning: pdflatex.exe (file ./figures/03-algorithm/sugarbag_flow.pdf): P
DF inclusion: found PDF version <1.7>, but at most version <1.5> allowed
<figures/03-algorithm/sugarbag_flow.pdf, id=858, 560.0925pt x 659.46375pt>
File: figures/03-algorithm/sugarbag_flow.pdf Graphic file (type pdf)
<use figures/03-algorithm/sugarbag_flow.pdf>
Package pdftex.def Info: figures/03-algorithm/sugarbag_flow.pdf  used on input 
line 726.
(pdftex.def)             Requested size: 398.33858pt x 469.02754pt.
[41 <./figures/03-algorithm/sugarbag_flow.pdf>] [42]
LaTeX Font Info:    Font shape `T1/fvm/m/it' in size <10.95> not available
(Font)              Font shape `T1/fvm/m/sl' tried instead on input line 774.
LaTeX Font Info:    Font shape `T1/fvm/m/sl' will be
(Font)              scaled to size 9.85492pt on input line 774.
LaTeX Font Info:    Font shape `T1/fvm/b/n' will be
(Font)              scaled to size 9.85492pt on input line 775.
[43]
Underfull \vbox (badness 10000) detected at line 833
 []


Underfull \vbox (badness 10000) detected at line 833
 []

[44]
<figures/03-algorithm/aus_gghexmap.pdf, id=920, 1011.78pt x 867.24pt>
File: figures/03-algorithm/aus_gghexmap.pdf Graphic file (type pdf)
<use figures/03-algorithm/aus_gghexmap.pdf>
Package pdftex.def Info: figures/03-algorithm/aus_gghexmap.pdf  used on input l
ine 837.
(pdftex.def)             Requested size: 398.33858pt x 341.43787pt.
[45] [46 <./figures/03-algorithm/aus_gghexmap.pdf>]
<figures/03-algorithm/1centroids.pdf, id=939, 722.7pt x 361.35pt>
File: figures/03-algorithm/1centroids.pdf Graphic file (type pdf)
<use figures/03-algorithm/1centroids.pdf>
Package pdftex.def Info: figures/03-algorithm/1centroids.pdf  used on input lin
e 861.
(pdftex.def)             Requested size: 398.33858pt x 199.16766pt.
[47 <./figures/03-algorithm/1centroids.pdf>]
<figures/03-algorithm/2grid.pdf, id=954, 722.7pt x 361.35pt>
File: figures/03-algorithm/2grid.pdf Graphic file (type pdf)
<use figures/03-algorithm/2grid.pdf>
Package pdftex.def Info: figures/03-algorithm/2grid.pdf  used on input line 883
.
(pdftex.def)             Requested size: 455.24408pt x 227.62413pt.

Overfull \hbox (28.45273pt too wide) in paragraph at lines 883--884
 [][] 
 []

[48 <./figures/03-algorithm/2grid.pdf>]
<figures/03-algorithm/3grid.pdf, id=969, 361.35pt x 361.35pt>
File: figures/03-algorithm/3grid.pdf Graphic file (type pdf)
<use figures/03-algorithm/3grid.pdf>
Package pdftex.def Info: figures/03-algorithm/3grid.pdf  used on input line 910
.
(pdftex.def)             Requested size: 284.52756pt x 284.53156pt.
[49 <./figures/03-algorithm/3grid.pdf>]
<figures/03-algorithm/4grid.pdf, id=982, 722.7pt x 361.35pt>
File: figures/03-algorithm/4grid.pdf Graphic file (type pdf)
<use figures/03-algorithm/4grid.pdf>
Package pdftex.def Info: figures/03-algorithm/4grid.pdf  used on input line 947
.
(pdftex.def)             Requested size: 455.24408pt x 227.62413pt.

Overfull \hbox (28.45273pt too wide) in paragraph at lines 947--948
 [][] 
 []

[50]
<figures/03-algorithm/5allocate.pdf, id=995, 578.16pt x 686.565pt>
File: figures/03-algorithm/5allocate.pdf Graphic file (type pdf)
<use figures/03-algorithm/5allocate.pdf>
Package pdftex.def Info: figures/03-algorithm/5allocate.pdf  used on input line
 955.
(pdftex.def)             Requested size: 455.24408pt x 540.59947pt.

Overfull \hbox (28.45273pt too wide) in paragraph at lines 955--956
 [][] 
 []

[51 <./figures/03-algorithm/4grid.pdf>] [52 <./figures/03-algorithm/5allocate.p
df>]
<figures/03-algorithm/6allocate.pdf, id=1018, 722.7pt x 361.35pt>
File: figures/03-algorithm/6allocate.pdf Graphic file (type pdf)
<use figures/03-algorithm/6allocate.pdf>
Package pdftex.def Info: figures/03-algorithm/6allocate.pdf  used on input line
 964.
(pdftex.def)             Requested size: 455.24408pt x 227.62413pt.

Overfull \hbox (28.45273pt too wide) in paragraph at lines 964--965
 [][] 
 []

<figures/03-algorithm/7SIR.pdf, id=1021, 794.97pt x 505.89pt>
File: figures/03-algorithm/7SIR.pdf Graphic file (type pdf)
<use figures/03-algorithm/7SIR.pdf>
Package pdftex.def Info: figures/03-algorithm/7SIR.pdf  used on input line 974.

(pdftex.def)             Requested size: 398.33858pt x 253.49243pt.
[53 <./figures/03-algorithm/6allocate.pdf>]
File: figures/03-algorithm/aus_gghexmap.pdf Graphic file (type pdf)
<use figures/03-algorithm/aus_gghexmap.pdf>
Package pdftex.def Info: figures/03-algorithm/aus_gghexmap.pdf  used on input l
ine 996.
(pdftex.def)             Requested size: 398.33858pt x 341.43787pt.
[54 <./figures/03-algorithm/7SIR.pdf>]
LaTeX Font Info:    Font shape `T1/fvm/m/n' will be
(Font)              scaled to size 8.09995pt on input line 1005.
[55] [56] [57] [58

]
Chapter 4.

Underfull \hbox (badness 10000) in paragraph at lines 1033--1033
|\T1/fvs/b/n/24.88 Comparing the Ef-fec-tive-ness
 []


Underfull \hbox (badness 1490) in paragraph at lines 1033--1033
\T1/fvs/b/n/24.88 of the Choro-pleth Map with a
 []


Package hyperref Warning: The anchor of a bookmark and its parent's must not
(hyperref)                be the same. Added a new anchor on input line 1045.

[59] [60]
<figures/04-experiment/aus_liver_m.pdf, id=1088, 715.95483pt x 596.46838pt>
File: figures/04-experiment/aus_liver_m.pdf Graphic file (type pdf)
<use figures/04-experiment/aus_liver_m.pdf>
Package pdftex.def Info: figures/04-experiment/aus_liver_m.pdf  used on input l
ine 1072.
(pdftex.def)             Requested size: 455.24408pt x 379.272pt.

Overfull \hbox (28.45273pt too wide) in paragraph at lines 1072--1073
 [][] 
 []

[61]
<figures/04-experiment/aus_liver_m_hex.pdf, id=1099, 715.95483pt x 596.46838pt>

File: figures/04-experiment/aus_liver_m_hex.pdf Graphic file (type pdf)
<use figures/04-experiment/aus_liver_m_hex.pdf>
Package pdftex.def Info: figures/04-experiment/aus_liver_m_hex.pdf  used on inp
ut line 1078.
(pdftex.def)             Requested size: 455.24408pt x 379.272pt.

Overfull \hbox (28.45273pt too wide) in paragraph at lines 1078--1079
 [][] 
 []

[62 <./figures/04-experiment/aus_liver_m.pdf>] [63 <./figures/04-experiment/aus
_liver_m_hex.pdf>] [64] [65]
<figures/04-experiment/aus_cities_3_geo.png, id=1165, 1227.8673pt x 1004.3121pt
>
File: figures/04-experiment/aus_cities_3_geo.png Graphic file (type png)
<use figures/04-experiment/aus_cities_3_geo.png>
Package pdftex.def Info: figures/04-experiment/aus_cities_3_geo.png  used on in
put line 1105.
(pdftex.def)             Requested size: 455.24408pt x 372.3559pt.

Overfull \hbox (28.45273pt too wide) in paragraph at lines 1105--1106
 [][] 
 []

[66 <./figures/04-experiment/aus_cities_3_geo.png>] [67]
<figures/04-experiment/experiment_design.pdf, id=1184, 471.20041pt x 397.485pt>

File: figures/04-experiment/experiment_design.pdf Graphic file (type pdf)
<use figures/04-experiment/experiment_design.pdf>
Package pdftex.def Info: figures/04-experiment/experiment_design.pdf  used on i
nput line 1146.
(pdftex.def)             Requested size: 455.24408pt x 384.03157pt.

Overfull \hbox (28.45273pt too wide) in paragraph at lines 1146--1147
 [][] 
 []

[68 <./figures/04-experiment/experiment_design.pdf>] [69] [70] [71] [72] [73] [
74]
<thesis_files/figure-latex/detect-compare-1.pdf, id=1268, 454.69875pt x 361.35p
t>
File: thesis_files/figure-latex/detect-compare-1.pdf Graphic file (type pdf)
<use thesis_files/figure-latex/detect-compare-1.pdf>
Package pdftex.def Info: thesis_files/figure-latex/detect-compare-1.pdf  used o
n input line 1306.
(pdftex.def)             Requested size: 341.43437pt x 271.34265pt.

LaTeX Warning: `!h' float specifier changed to `!ht'.

[75] [76 <./thesis_files/figure-latex/detect-compare-1.pdf>]
<thesis_files/figure-latex/beeswarm-1.pdf, id=1294, 454.69875pt x 578.16pt>
File: thesis_files/figure-latex/beeswarm-1.pdf Graphic file (type pdf)
<use thesis_files/figure-latex/beeswarm-1.pdf>
Package pdftex.def Info: thesis_files/figure-latex/beeswarm-1.pdf  used on inpu
t line 1368.
(pdftex.def)             Requested size: 341.43437pt x 434.14825pt.
[77] [78 <./thesis_files/figure-latex/beeswarm-1.pdf>]
<thesis_files/figure-latex/certainty-1.pdf, id=1320, 454.69875pt x 361.35pt>
File: thesis_files/figure-latex/certainty-1.pdf Graphic file (type pdf)
<use thesis_files/figure-latex/certainty-1.pdf>
Package pdftex.def Info: thesis_files/figure-latex/certainty-1.pdf  used on inp
ut line 1387.
(pdftex.def)             Requested size: 341.43437pt x 271.34265pt.

LaTeX Warning: `!h' float specifier changed to `!ht'.

[79] [80 <./thesis_files/figure-latex/certainty-1.pdf>] [81] [82] [83] [84

]
Chapter 5.
[85] [86] [87] [88] [89

]
Underfull \hbox (badness 3199) in paragraph at lines 1512--1512
[][]\T1/ppl/m/n/10.95 (+20) Bowel Can-cer Aus-tralia (2016). \T1/ppl/m/it/10.95
 (+20) Bowel Can-cer Aus-tralia At-las\T1/ppl/m/n/10.95 (+20) . [][]$\T1/fvm/m/
n/10.95 http : / / www .
 []

[90] [91] [92] [93] [94] [95] [96]
Appendix A.
<thesis_files/figure-latex/pdetection-group-1.pdf, id=1523, 454.69875pt x 274.0
2374pt>
File: thesis_files/figure-latex/pdetection-group-1.pdf Graphic file (type pdf)
<use thesis_files/figure-latex/pdetection-group-1.pdf>
Package pdftex.def Info: thesis_files/figure-latex/pdetection-group-1.pdf  used
 on input line 1527.
(pdftex.def)             Requested size: 426.79135pt x 257.21022pt.
[97

 <./thesis_files/figure-latex/pdetection-group-1.pdf>]
<thesis_files/figure-latex/pdetect-trend-1.pdf, id=1537, 454.69875pt x 274.0237
4pt>
File: thesis_files/figure-latex/pdetect-trend-1.pdf Graphic file (type pdf)
<use thesis_files/figure-latex/pdetect-trend-1.pdf>
Package pdftex.def Info: thesis_files/figure-latex/pdetect-trend-1.pdf  used on
 input line 1539.
(pdftex.def)             Requested size: 426.79135pt x 257.21022pt.
<thesis_files/figure-latex/pdetection-type-1.pdf, id=1539, 454.69875pt x 274.02
374pt>
File: thesis_files/figure-latex/pdetection-type-1.pdf Graphic file (type pdf)
<use thesis_files/figure-latex/pdetection-type-1.pdf>
Package pdftex.def Info: thesis_files/figure-latex/pdetection-type-1.pdf  used 
on input line 1552.
(pdftex.def)             Requested size: 426.79135pt x 257.21022pt.
[98 <./thesis_files/figure-latex/pdetect-trend-1.pdf>]
<thesis_files/figure-latex/choices-1.pdf, id=1558, 433.62pt x 578.16pt>
File: thesis_files/figure-latex/choices-1.pdf Graphic file (type pdf)
<use thesis_files/figure-latex/choices-1.pdf>
Package pdftex.def Info: thesis_files/figure-latex/choices-1.pdf  used on input
 line 1573.
(pdftex.def)             Requested size: 426.79135pt x 569.08073pt.

Overfull \hbox (54.42041pt too wide) in paragraph at lines 1584--1605
 [][] 
 []


Overfull \hbox (54.42041pt too wide) in paragraph at lines 1611--1632
 [][] 
 []


Overfull \hbox (54.42041pt too wide) in paragraph at lines 1638--1659
 [][] 
 []

[99 <./thesis_files/figure-latex/pdetection-type-1.pdf>] [100 <./thesis_files/f
igure-latex/choices-1.pdf>] [101]
<lineups/cities-geo12-1.pdf, id=1585, 469.755pt x 325.215pt>
File: lineups/cities-geo12-1.pdf Graphic file (type pdf)
<use lineups/cities-geo12-1.pdf>
Package pdftex.def Info: lineups/cities-geo12-1.pdf  used on input line 1671.
(pdftex.def)             Requested size: 328.79759pt x 227.62204pt.
<lineups/cities-hex12.pdf, id=1586, 454.69875pt x 274.02374pt>
File: lineups/cities-hex12.pdf Graphic file (type pdf)
<use lineups/cities-hex12.pdf>
Package pdftex.def Info: lineups/cities-hex12.pdf  used on input line 1677.
(pdftex.def)             Requested size: 377.71208pt x 227.62204pt.
<lineups/cities-geo3-1.pdf, id=1587, 469.755pt x 325.215pt>
File: lineups/cities-geo3-1.pdf Graphic file (type pdf)
<use lineups/cities-geo3-1.pdf>
Package pdftex.def Info: lineups/cities-geo3-1.pdf  used on input line 1686.
(pdftex.def)             Requested size: 328.79759pt x 227.62204pt.
[102 <./lineups/cities-geo12-1.pdf> <./lineups/cities-hex12.pdf>]
<lineups/cities-hex3-1.pdf, id=1607, 469.755pt x 325.215pt>
File: lineups/cities-hex3-1.pdf Graphic file (type pdf)
<use lineups/cities-hex3-1.pdf>
Package pdftex.def Info: lineups/cities-hex3-1.pdf  used on input line 1692.
(pdftex.def)             Requested size: 328.79759pt x 227.62204pt.
<lineups/cities-geo4-1.pdf, id=1608, 469.755pt x 325.215pt>
File: lineups/cities-geo4-1.pdf Graphic file (type pdf)
<use lineups/cities-geo4-1.pdf>
Package pdftex.def Info: lineups/cities-geo4-1.pdf  used on input line 1701.
(pdftex.def)             Requested size: 328.79759pt x 227.62204pt.
[103 <./lineups/cities-geo3-1.pdf> <./lineups/cities-hex3-1.pdf>]
<lineups/cities-hex4-1.pdf, id=1625, 469.755pt x 325.215pt>
File: lineups/cities-hex4-1.pdf Graphic file (type pdf)
<use lineups/cities-hex4-1.pdf>
Package pdftex.def Info: lineups/cities-hex4-1.pdf  used on input line 1707.
(pdftex.def)             Requested size: 328.79759pt x 227.62204pt.
<lineups/cities-geo9-1.pdf, id=1626, 469.755pt x 325.215pt>
File: lineups/cities-geo9-1.pdf Graphic file (type pdf)
<use lineups/cities-geo9-1.pdf>
Package pdftex.def Info: lineups/cities-geo9-1.pdf  used on input line 1716.
(pdftex.def)             Requested size: 328.79759pt x 227.62204pt.
[104 <./lineups/cities-geo4-1.pdf> <./lineups/cities-hex4-1.pdf>]
<lineups/cities-hex9-1.pdf, id=1644, 469.755pt x 325.215pt>
File: lineups/cities-hex9-1.pdf Graphic file (type pdf)
<use lineups/cities-hex9-1.pdf>
Package pdftex.def Info: lineups/cities-hex9-1.pdf  used on input line 1722.
(pdftex.def)             Requested size: 328.79759pt x 227.62204pt.
[105 <./lineups/cities-geo9-1.pdf> <./lineups/cities-hex9-1.pdf>]
<lineups/three-geo12-1.pdf, id=1661, 469.755pt x 325.215pt>
File: lineups/three-geo12-1.pdf Graphic file (type pdf)
<use lineups/three-geo12-1.pdf>
Package pdftex.def Info: lineups/three-geo12-1.pdf  used on input line 1736.
(pdftex.def)             Requested size: 328.79759pt x 227.62204pt.
<lineups/three-hex12-1.pdf, id=1662, 469.755pt x 325.215pt>
File: lineups/three-hex12-1.pdf Graphic file (type pdf)
<use lineups/three-hex12-1.pdf>
Package pdftex.def Info: lineups/three-hex12-1.pdf  used on input line 1742.
(pdftex.def)             Requested size: 328.79759pt x 227.62204pt.
<lineups/three-geo5-1.pdf, id=1663, 469.755pt x 325.215pt>
File: lineups/three-geo5-1.pdf Graphic file (type pdf)
<use lineups/three-geo5-1.pdf>
Package pdftex.def Info: lineups/three-geo5-1.pdf  used on input line 1751.
(pdftex.def)             Requested size: 328.79759pt x 227.62204pt.
[106 <./lineups/three-geo12-1.pdf> <./lineups/three-hex12-1.pdf>]
<lineups/three-hex5-1.pdf, id=1682, 469.755pt x 325.215pt>
File: lineups/three-hex5-1.pdf Graphic file (type pdf)
<use lineups/three-hex5-1.pdf>
Package pdftex.def Info: lineups/three-hex5-1.pdf  used on input line 1757.
(pdftex.def)             Requested size: 328.79759pt x 227.62204pt.
<lineups/three-geo8-1.pdf, id=1683, 469.755pt x 325.215pt>
File: lineups/three-geo8-1.pdf Graphic file (type pdf)
<use lineups/three-geo8-1.pdf>
Package pdftex.def Info: lineups/three-geo8-1.pdf  used on input line 1766.
(pdftex.def)             Requested size: 328.79759pt x 227.62204pt.
[107 <./lineups/three-geo5-1.pdf> <./lineups/three-hex5-1.pdf>]
<lineups/three-hex8-1.pdf, id=1700, 469.755pt x 325.215pt>
File: lineups/three-hex8-1.pdf Graphic file (type pdf)
<use lineups/three-hex8-1.pdf>
Package pdftex.def Info: lineups/three-hex8-1.pdf  used on input line 1772.
(pdftex.def)             Requested size: 328.79759pt x 227.62204pt.
<lineups/three-geo9-1.pdf, id=1701, 469.755pt x 325.215pt>
File: lineups/three-geo9-1.pdf Graphic file (type pdf)
<use lineups/three-geo9-1.pdf>
Package pdftex.def Info: lineups/three-geo9-1.pdf  used on input line 1781.
(pdftex.def)             Requested size: 328.79759pt x 227.62204pt.
[108 <./lineups/three-geo8-1.pdf> <./lineups/three-hex8-1.pdf>]
<lineups/three-hex9-1.pdf, id=1718, 469.755pt x 325.215pt>
File: lineups/three-hex9-1.pdf Graphic file (type pdf)
<use lineups/three-hex9-1.pdf>
Package pdftex.def Info: lineups/three-hex9-1.pdf  used on input line 1787.
(pdftex.def)             Requested size: 328.79759pt x 227.62204pt.
<lineups/nwse-geo2-1.pdf, id=1719, 469.755pt x 325.215pt>
File: lineups/nwse-geo2-1.pdf Graphic file (type pdf)
<use lineups/nwse-geo2-1.pdf>
Package pdftex.def Info: lineups/nwse-geo2-1.pdf  used on input line 1799.
(pdftex.def)             Requested size: 328.79759pt x 227.62204pt.
[109 <./lineups/three-geo9-1.pdf> <./lineups/three-hex9-1.pdf>]
<lineups/nwse-hex2-1.pdf, id=1736, 469.755pt x 325.215pt>
File: lineups/nwse-hex2-1.pdf Graphic file (type pdf)
<use lineups/nwse-hex2-1.pdf>
Package pdftex.def Info: lineups/nwse-hex2-1.pdf  used on input line 1805.
(pdftex.def)             Requested size: 328.79759pt x 227.62204pt.
<lineups/nwse-geo3-1.pdf, id=1737, 469.755pt x 325.215pt>
File: lineups/nwse-geo3-1.pdf Graphic file (type pdf)
<use lineups/nwse-geo3-1.pdf>
Package pdftex.def Info: lineups/nwse-geo3-1.pdf  used on input line 1814.
(pdftex.def)             Requested size: 328.79759pt x 227.62204pt.
[110 <./lineups/nwse-geo2-1.pdf> <./lineups/nwse-hex2-1.pdf>]
<lineups/nwse-hex3-1.pdf, id=1758, 469.755pt x 325.215pt>
File: lineups/nwse-hex3-1.pdf Graphic file (type pdf)
<use lineups/nwse-hex3-1.pdf>
Package pdftex.def Info: lineups/nwse-hex3-1.pdf  used on input line 1820.
(pdftex.def)             Requested size: 328.79759pt x 227.62204pt.
<lineups/nwse-geo5-1.pdf, id=1759, 469.755pt x 325.215pt>
File: lineups/nwse-geo5-1.pdf Graphic file (type pdf)
<use lineups/nwse-geo5-1.pdf>
Package pdftex.def Info: lineups/nwse-geo5-1.pdf  used on input line 1829.
(pdftex.def)             Requested size: 328.79759pt x 227.62204pt.
[111 <./lineups/nwse-geo3-1.pdf> <./lineups/nwse-hex3-1.pdf>]
<lineups/nwse-hex5-1.pdf, id=1776, 469.755pt x 325.215pt>
File: lineups/nwse-hex5-1.pdf Graphic file (type pdf)
<use lineups/nwse-hex5-1.pdf>
Package pdftex.def Info: lineups/nwse-hex5-1.pdf  used on input line 1835.
(pdftex.def)             Requested size: 328.79759pt x 227.62204pt.
<lineups/nwse-geo6-1.pdf, id=1777, 469.755pt x 325.215pt>
File: lineups/nwse-geo6-1.pdf Graphic file (type pdf)
<use lineups/nwse-geo6-1.pdf>
Package pdftex.def Info: lineups/nwse-geo6-1.pdf  used on input line 1844.
(pdftex.def)             Requested size: 328.79759pt x 227.62204pt.
[112 <./lineups/nwse-geo5-1.pdf> <./lineups/nwse-hex5-1.pdf>]
<lineups/nwse-hex6-1.pdf, id=1794, 469.755pt x 325.215pt>
File: lineups/nwse-hex6-1.pdf Graphic file (type pdf)
<use lineups/nwse-hex6-1.pdf>
Package pdftex.def Info: lineups/nwse-hex6-1.pdf  used on input line 1850.
(pdftex.def)             Requested size: 328.79759pt x 227.62204pt.
<figures/fig8_instruct.png, id=1796, 747.79375pt x 642.4pt>
File: figures/fig8_instruct.png Graphic file (type png)
<use figures/fig8_instruct.png>
Package pdftex.def Info: figures/fig8_instruct.png  used on input line 1863.
(pdftex.def)             Requested size: 529.94456pt x 455.24408pt.

Overfull \hbox (103.15321pt too wide) in paragraph at lines 1863--1864
 [][] 
 []

[113 <./lineups/nwse-geo6-1.pdf> <./lineups/nwse-hex6-1.pdf>]
<figures/fig8_training1.png, id=1815, 751.30687pt x 715.67375pt>
File: figures/fig8_training1.png Graphic file (type png)
<use figures/fig8_training1.png>
Package pdftex.def Info: figures/fig8_training1.png  used on input line 1874.
(pdftex.def)             Requested size: 455.24408pt x 433.65555pt.

Overfull \hbox (28.45273pt too wide) in paragraph at lines 1874--1875
 [][] 
 []

[114 <./figures/fig8_instruct.png>]
<figures/fig8_training2.png, id=1824, 755.32187pt x 667.49374pt>
File: figures/fig8_training2.png Graphic file (type png)
<use figures/fig8_training2.png>
Package pdftex.def Info: figures/fig8_training2.png  used on input line 1880.
(pdftex.def)             Requested size: 455.24408pt x 402.31229pt.

Overfull \hbox (28.45273pt too wide) in paragraph at lines 1880--1881
 [][] 
 []

[115 <./figures/fig8_training1.png>] [116 <./figures/fig8_training2.png>]
<lineups/survey-demogs-1.pdf, id=1844, 454.69875pt x 274.02374pt>
File: lineups/survey-demogs-1.pdf Graphic file (type pdf)
<use lineups/survey-demogs-1.pdf>
Package pdftex.def Info: lineups/survey-demogs-1.pdf  used on input line 1894.
(pdftex.def)             Requested size: 455.24408pt x 274.35756pt.

Overfull \hbox (28.45273pt too wide) in paragraph at lines 1894--1895
 [][] 
 []

<lineups/survey-choro-1.pdf, id=1845, 454.69875pt x 274.02374pt>
File: lineups/survey-choro-1.pdf Graphic file (type pdf)
<use lineups/survey-choro-1.pdf>
Package pdftex.def Info: lineups/survey-choro-1.pdf  used on input line 1900.
(pdftex.def)             Requested size: 455.24408pt x 274.35756pt.

Overfull \hbox (28.45273pt too wide) in paragraph at lines 1900--1901
 [][] 
 []

[117 <./lineups/survey-demogs-1.pdf>]
<lineups/survey-hex-1.pdf, id=1857, 454.69875pt x 274.02374pt>
File: lineups/survey-hex-1.pdf Graphic file (type pdf)
<use lineups/survey-hex-1.pdf>
Package pdftex.def Info: lineups/survey-hex-1.pdf  used on input line 1906.
(pdftex.def)             Requested size: 455.24408pt x 274.35756pt.

Overfull \hbox (28.45273pt too wide) in paragraph at lines 1906--1907
 [][] 
 []



pdfTeX warning: pdflatex.exe (file ./Ethics_1.pdf): PDF inclusion: found PDF ve
rsion <1.7>, but at most version <1.5> allowed
<Ethics_1.pdf, id=1858, 597.55246pt x 845.19763pt>
File: Ethics_1.pdf Graphic file (type pdf)
<use Ethics_1.pdf>
Package pdftex.def Info: Ethics_1.pdf  used on input line 1913.
(pdftex.def)             Requested size: 597.551pt x 845.19557pt.


pdfTeX warning: pdflatex.exe (file ./Ethics_1.pdf): PDF inclusion: found PDF ve
rsion <1.7>, but at most version <1.5> allowed
File: Ethics_1.pdf Graphic file (type pdf)
<use Ethics_1.pdf>
Package pdftex.def Info: Ethics_1.pdf  used on input line 1913.
(pdftex.def)             Requested size: 597.551pt x 845.19557pt.


pdfTeX warning: pdflatex.exe (file ./Ethics_1.pdf): PDF inclusion: found PDF ve
rsion <1.7>, but at most version <1.5> allowed


pdfTeX warning: pdflatex.exe (file ./Ethics_1.pdf): PDF inclusion: found PDF ve
rsion <1.7>, but at most version <1.5> allowed
<Ethics_1.pdf, id=1861, page=1, 597.55246pt x 845.19763pt>
File: Ethics_1.pdf Graphic file (type pdf)
<use Ethics_1.pdf, page 1>
Package pdftex.def Info: Ethics_1.pdf , page1 used on input line 1913.
(pdftex.def)             Requested size: 597.551pt x 845.19557pt.
File: Ethics_1.pdf Graphic file (type pdf)
<use Ethics_1.pdf, page 1>
Package pdftex.def Info: Ethics_1.pdf , page1 used on input line 1913.
(pdftex.def)             Requested size: 597.551pt x 845.19557pt.
[118 <./lineups/survey-choro-1.pdf> <./lineups/survey-hex-1.pdf>] [119]
File: Ethics_1.pdf Graphic file (type pdf)
<use Ethics_1.pdf, page 1>
Package pdftex.def Info: Ethics_1.pdf , page1 used on input line 1913.
(pdftex.def)             Requested size: 597.551pt x 845.19557pt.
File: Ethics_1.pdf Graphic file (type pdf)
<use Ethics_1.pdf, page 1>
Package pdftex.def Info: Ethics_1.pdf , page1 used on input line 1913.
(pdftex.def)             Requested size: 597.551pt x 845.19557pt.
File: Ethics_1.pdf Graphic file (type pdf)
<use Ethics_1.pdf, page 1>
Package pdftex.def Info: Ethics_1.pdf , page1 used on input line 1913.
(pdftex.def)             Requested size: 597.551pt x 845.19557pt.
[120 <./Ethics_1.pdf>]

pdfTeX warning: pdflatex.exe (file ./Ethics_1.pdf): PDF inclusion: found PDF ve
rsion <1.7>, but at most version <1.5> allowed
<Ethics_1.pdf, id=1911, page=2, 597.55246pt x 845.19763pt>
File: Ethics_1.pdf Graphic file (type pdf)
<use Ethics_1.pdf, page 2>
Package pdftex.def Info: Ethics_1.pdf , page2 used on input line 1913.
(pdftex.def)             Requested size: 597.551pt x 845.19557pt.
File: Ethics_1.pdf Graphic file (type pdf)
<use Ethics_1.pdf, page 2>
Package pdftex.def Info: Ethics_1.pdf , page2 used on input line 1913.
(pdftex.def)             Requested size: 597.551pt x 845.19557pt.
File: Ethics_1.pdf Graphic file (type pdf)
<use Ethics_1.pdf, page 2>
Package pdftex.def Info: Ethics_1.pdf , page2 used on input line 1913.
(pdftex.def)             Requested size: 597.551pt x 845.19557pt.
[121 <./Ethics_1.pdf>]

pdfTeX warning: pdflatex.exe (file ./Ethics_1.pdf): PDF inclusion: found PDF ve
rsion <1.7>, but at most version <1.5> allowed
<Ethics_1.pdf, id=1918, page=3, 597.55246pt x 845.19763pt>
File: Ethics_1.pdf Graphic file (type pdf)
<use Ethics_1.pdf, page 3>
Package pdftex.def Info: Ethics_1.pdf , page3 used on input line 1913.
(pdftex.def)             Requested size: 597.551pt x 845.19557pt.
File: Ethics_1.pdf Graphic file (type pdf)
<use Ethics_1.pdf, page 3>
Package pdftex.def Info: Ethics_1.pdf , page3 used on input line 1913.
(pdftex.def)             Requested size: 597.551pt x 845.19557pt.
File: Ethics_1.pdf Graphic file (type pdf)
<use Ethics_1.pdf, page 3>
Package pdftex.def Info: Ethics_1.pdf , page3 used on input line 1913.
(pdftex.def)             Requested size: 597.551pt x 845.19557pt.
[122 <./Ethics_1.pdf>]

pdfTeX warning: pdflatex.exe (file ./Ethics_1.pdf): PDF inclusion: found PDF ve
rsion <1.7>, but at most version <1.5> allowed
<Ethics_1.pdf, id=1939, page=4, 597.55246pt x 845.19763pt>
File: Ethics_1.pdf Graphic file (type pdf)
<use Ethics_1.pdf, page 4>
Package pdftex.def Info: Ethics_1.pdf , page4 used on input line 1913.
(pdftex.def)             Requested size: 597.551pt x 845.19557pt.
File: Ethics_1.pdf Graphic file (type pdf)
<use Ethics_1.pdf, page 4>
Package pdftex.def Info: Ethics_1.pdf , page4 used on input line 1913.
(pdftex.def)             Requested size: 597.551pt x 845.19557pt.
File: Ethics_1.pdf Graphic file (type pdf)
<use Ethics_1.pdf, page 4>
Package pdftex.def Info: Ethics_1.pdf , page4 used on input line 1913.
(pdftex.def)             Requested size: 597.551pt x 845.19557pt.
[123 <./Ethics_1.pdf>]
Package atveryend Info: Empty hook `BeforeClearDocument' on input line 1919.
Package atveryend Info: Empty hook `AfterLastShipout' on input line 1919.
(./thesis.aux)
Package atveryend Info: Executing hook `AtVeryEndDocument' on input line 1919.
Package atveryend Info: Executing hook `AtEndAfterFileList' on input line 1919.

Package rerunfilecheck Info: File `thesis.out' has not changed.
(rerunfilecheck)             Checksum: E7409E4493F4A1DF3F897C5E16A6EB6C;3168.

LaTeX Warning: There were multiply-defined labels.

Package logreq Info: Writing requests to 'thesis.run.xml'.
\openout1 = `thesis.run.xml'.

 )
(\end occurred inside a group at level 1)

### semi simple group (level 1) entered at line 105 (\begingroup)
### bottom level 
Here is how much of TeX's memory you used:
 21621 strings out of 482841
 383962 string characters out of 5955014
 1113761 words of memory out of 5000000
 35712 multiletter control sequences out of 15000+600000
 635699 words of font info for 327 fonts, out of 8000000 for 9000
 14 hyphenation exceptions out of 8191
 51i,19n,54p,1566b,15512s stack positions out of 5000i,500n,10000p,200000b,80000s
{c:/Users/steff/AppData/Roaming/TinyTeX/texmf-dist/fonts/enc/dv
ips/base/8r.enc}<c:/Users/steff/AppData/Roaming/TinyTeX/texmf-dist/fonts/type1/
public/amsfonts/cm/cmex10.pfb><c:/Users/steff/AppData/Roaming/TinyTeX/texmf-dis
t/fonts/type1/public/amsfonts/cm/cmr10.pfb><c:/Users/steff/AppData/Roaming/Tiny
TeX/texmf-dist/fonts/type1/public/amsfonts/cm/cmsy10.pfb><c:/Users/steff/AppDat
a/Roaming/TinyTeX/texmf-dist/fonts/type1/public/mathpazo/fplmri.pfb><c:/Users/s
teff/AppData/Roaming/TinyTeX/texmf-dist/fonts/type1/public/bera/fvmb8a.pfb><c:/
Users/steff/AppData/Roaming/TinyTeX/texmf-dist/fonts/type1/public/bera/fvmr8a.p
fb><c:/Users/steff/AppData/Roaming/TinyTeX/texmf-dist/fonts/type1/public/bera/f
vmro8a.pfb><c:/Users/steff/AppData/Roaming/TinyTeX/texmf-dist/fonts/type1/publi
c/bera/fvsb8a.pfb><c:/Users/steff/AppData/Roaming/TinyTeX/texmf-dist/fonts/type
1/public/bera/fvsr8a.pfb><c:/Users/steff/AppData/Roaming/TinyTeX/texmf-dist/fon
ts/type1/urw/palatino/uplb8a.pfb><c:/Users/steff/AppData/Roaming/TinyTeX/texmf-
dist/fonts/type1/urw/palatino/uplr8a.pfb><c:/Users/steff/AppData/Roaming/TinyTe
X/texmf-dist/fonts/type1/urw/palatino/uplr8a.pfb><c:/Users/steff/AppData/Roamin
g/TinyTeX/texmf-dist/fonts/type1/urw/palatino/uplri8a.pfb>
Output written on thesis.pdf (140 pages, 44705336 bytes).
PDF statistics:
 2104 PDF objects out of 2487 (max. 8388607)
 1755 compressed objects within 18 object streams
 531 named destinations out of 1000 (max. 500000)
 48328 words of extra memory for PDF output out of 51595 (max. 10000000)

